<?xml version="1.0" encoding="UTF-8"?>
<coverage generated="1778908556509" clover="3.2.0">
  <project timestamp="1778908556509" name="All files">
    <metrics statements="79" coveredstatements="60" conditionals="28" coveredconditionals="22" methods="15" coveredmethods="14" elements="122" coveredelements="96" complexity="0" loc="79" ncloc="79" packages="1" files="1" classes="1"/>
    <file name="app.js" path="D:\Especializacion UTB\Pruebas y Metricas de Calidad\formulario-pruebas\app.js">
      <metrics statements="79" coveredstatements="60" conditionals="28" coveredconditionals="22" methods="15" coveredmethods="14"/>
      <line num="1" count="1" type="stmt"/>
      <line num="2" count="1" type="stmt"/>
      <line num="3" count="1" type="stmt"/>
      <line num="5" count="1" type="stmt"/>
      <line num="6" count="1" type="stmt"/>
      <line num="7" count="1" type="stmt"/>
      <line num="8" count="1" type="stmt"/>
      <line num="10" count="1" type="stmt"/>
      <line num="30" count="12" type="cond" truecount="2" falsecount="0"/>
      <line num="34" count="5" type="stmt"/>
      <line num="38" count="2" type="stmt"/>
      <line num="39" count="2" type="stmt"/>
      <line num="40" count="2" type="stmt"/>
      <line num="44" count="1" type="stmt"/>
      <line num="45" count="1" type="stmt"/>
      <line num="46" count="1" type="stmt"/>
      <line num="50" count="1" type="stmt"/>
      <line num="51" count="4" type="stmt"/>
      <line num="52" count="4" type="stmt"/>
      <line num="57" count="9" type="stmt"/>
      <line num="58" count="9" type="stmt"/>
      <line num="62" count="9" type="stmt"/>
      <line num="63" count="9" type="stmt"/>
      <line num="67" count="9" type="stmt"/>
      <line num="68" count="9" type="stmt"/>
      <line num="72" count="8" type="stmt"/>
      <line num="73" count="8" type="stmt"/>
      <line num="77" count="3" type="stmt"/>
      <line num="79" count="3" type="cond" truecount="2" falsecount="0"/>
      <line num="80" count="2" type="stmt"/>
      <line num="83" count="2" type="stmt"/>
      <line num="86" count="1" type="stmt"/>
      <line num="88" count="1" type="stmt"/>
      <line num="100" count="7" type="stmt"/>
      <line num="102" count="7" type="cond" truecount="2" falsecount="0"/>
      <line num="103" count="1" type="stmt"/>
      <line num="104" count="1" type="stmt"/>
      <line num="105" count="6" type="cond" truecount="2" falsecount="0"/>
      <line num="106" count="1" type="stmt"/>
      <line num="107" count="1" type="stmt"/>
      <line num="110" count="7" type="cond" truecount="1" falsecount="1"/>
      <line num="111" count="0" type="stmt"/>
      <line num="112" count="0" type="stmt"/>
      <line num="113" count="7" type="cond" truecount="2" falsecount="0"/>
      <line num="114" count="1" type="stmt"/>
      <line num="115" count="1" type="stmt"/>
      <line num="116" count="6" type="cond" truecount="2" falsecount="0"/>
      <line num="117" count="1" type="stmt"/>
      <line num="118" count="1" type="stmt"/>
      <line num="121" count="7" type="cond" truecount="1" falsecount="1"/>
      <line num="122" count="0" type="stmt"/>
      <line num="123" count="0" type="stmt"/>
      <line num="124" count="7" type="cond" truecount="2" falsecount="0"/>
      <line num="125" count="1" type="stmt"/>
      <line num="129" count="1" type="stmt"/>
      <line num="132" count="7" type="cond" truecount="1" falsecount="1"/>
      <line num="133" count="0" type="stmt"/>
      <line num="134" count="0" type="stmt"/>
      <line num="135" count="7" type="cond" truecount="2" falsecount="0"/>
      <line num="136" count="1" type="stmt"/>
      <line num="137" count="1" type="stmt"/>
      <line num="140" count="7" type="stmt"/>
      <line num="143" count="1" type="stmt"/>
      <line num="144" count="0" type="stmt"/>
      <line num="146" count="0" type="stmt"/>
      <line num="147" count="0" type="stmt"/>
      <line num="149" count="0" type="stmt"/>
      <line num="156" count="0" type="stmt"/>
      <line num="158" count="0" type="cond" truecount="0" falsecount="2"/>
      <line num="159" count="0" type="stmt"/>
      <line num="162" count="0" type="stmt"/>
      <line num="164" count="0" type="stmt"/>
      <line num="169" count="0" type="stmt"/>
      <line num="170" count="0" type="stmt"/>
      <line num="171" count="0" type="stmt"/>
      <line num="172" count="0" type="stmt"/>
      <line num="175" count="1" type="stmt"/>
      <line num="177" count="1" type="cond" truecount="3" falsecount="1"/>
      <line num="178" count="1" type="stmt"/>
    </file>
  </project>
</coverage>
