{"D:\\Especializacion UTB\\Pruebas y Metricas de Calidad\\formulario-pruebas\\app.js": {"path":"D:\\Especializacion UTB\\Pruebas y Metricas de Calidad\\formulario-pruebas\\app.js","statementMap":{"0":{"start":{"line":1,"column":13},"end":{"line":1,"column":52}},"1":{"start":{"line":2,"column":17},"end":{"line":2,"column":52}},"2":{"start":{"line":3,"column":23},"end":{"line":3,"column":64}},"3":{"start":{"line":5,"column":22},"end":{"line":5,"column":57}},"4":{"start":{"line":6,"column":19},"end":{"line":6,"column":51}},"5":{"start":{"line":7,"column":22},"end":{"line":7,"column":57}},"6":{"start":{"line":8,"column":29},"end":{"line":8,"column":71}},"7":{"start":{"line":10,"column":15},"end":{"line":27,"column":1}},"8":{"start":{"line":30,"column":2},"end":{"line":30,"column":57}},"9":{"start":{"line":34,"column":2},"end":{"line":34,"column":55}},"10":{"start":{"line":38,"column":2},"end":{"line":38,"column":33}},"11":{"start":{"line":39,"column":2},"end":{"line":39,"column":38}},"12":{"start":{"line":40,"column":2},"end":{"line":40,"column":42}},"13":{"start":{"line":44,"column":2},"end":{"line":44,"column":28}},"14":{"start":{"line":45,"column":2},"end":{"line":45,"column":35}},"15":{"start":{"line":46,"column":2},"end":{"line":46,"column":45}},"16":{"start":{"line":50,"column":2},"end":{"line":53,"column":5}},"17":{"start":{"line":51,"column":4},"end":{"line":51,"column":27}},"18":{"start":{"line":52,"column":4},"end":{"line":52,"column":42}},"19":{"start":{"line":57,"column":2},"end":{"line":57,"column":48}},"20":{"start":{"line":58,"column":2},"end":{"line":58,"column":55}},"21":{"start":{"line":62,"column":16},"end":{"line":62,"column":44}},"22":{"start":{"line":63,"column":2},"end":{"line":63,"column":27}},"23":{"start":{"line":67,"column":16},"end":{"line":67,"column":55}},"24":{"start":{"line":68,"column":2},"end":{"line":68,"column":30}},"25":{"start":{"line":72,"column":16},"end":{"line":72,"column":26}},"26":{"start":{"line":73,"column":2},"end":{"line":73,"column":80}},"27":{"start":{"line":73,"column":30},"end":{"line":73,"column":78}},"28":{"start":{"line":77,"column":16},"end":{"line":77,"column":26}},"29":{"start":{"line":79,"column":2},"end":{"line":84,"column":3}},"30":{"start":{"line":80,"column":4},"end":{"line":82,"column":6}},"31":{"start":{"line":83,"column":4},"end":{"line":83,"column":11}},"32":{"start":{"line":86,"column":2},"end":{"line":96,"column":14}},"33":{"start":{"line":88,"column":23},"end":{"line":94,"column":7}},"34":{"start":{"line":100,"column":16},"end":{"line":100,"column":20}},"35":{"start":{"line":102,"column":2},"end":{"line":108,"column":3}},"36":{"start":{"line":103,"column":4},"end":{"line":103,"column":63}},"37":{"start":{"line":104,"column":4},"end":{"line":104,"column":20}},"38":{"start":{"line":105,"column":9},"end":{"line":108,"column":3}},"39":{"start":{"line":106,"column":4},"end":{"line":106,"column":72}},"40":{"start":{"line":107,"column":4},"end":{"line":107,"column":20}},"41":{"start":{"line":110,"column":2},"end":{"line":119,"column":3}},"42":{"start":{"line":111,"column":4},"end":{"line":111,"column":63}},"43":{"start":{"line":112,"column":4},"end":{"line":112,"column":20}},"44":{"start":{"line":113,"column":9},"end":{"line":119,"column":3}},"45":{"start":{"line":114,"column":4},"end":{"line":114,"column":63}},"46":{"start":{"line":115,"column":4},"end":{"line":115,"column":20}},"47":{"start":{"line":116,"column":9},"end":{"line":119,"column":3}},"48":{"start":{"line":117,"column":4},"end":{"line":117,"column":57}},"49":{"start":{"line":118,"column":4},"end":{"line":118,"column":20}},"50":{"start":{"line":121,"column":2},"end":{"line":130,"column":3}},"51":{"start":{"line":122,"column":4},"end":{"line":122,"column":58}},"52":{"start":{"line":123,"column":4},"end":{"line":123,"column":20}},"53":{"start":{"line":124,"column":9},"end":{"line":130,"column":3}},"54":{"start":{"line":125,"column":4},"end":{"line":128,"column":6}},"55":{"start":{"line":129,"column":4},"end":{"line":129,"column":20}},"56":{"start":{"line":132,"column":2},"end":{"line":138,"column":3}},"57":{"start":{"line":133,"column":4},"end":{"line":133,"column":66}},"58":{"start":{"line":134,"column":4},"end":{"line":134,"column":20}},"59":{"start":{"line":135,"column":9},"end":{"line":138,"column":3}},"60":{"start":{"line":136,"column":4},"end":{"line":136,"column":65}},"61":{"start":{"line":137,"column":4},"end":{"line":137,"column":20}},"62":{"start":{"line":140,"column":2},"end":{"line":140,"column":17}},"63":{"start":{"line":143,"column":0},"end":{"line":173,"column":3}},"64":{"start":{"line":144,"column":2},"end":{"line":144,"column":25}},"65":{"start":{"line":146,"column":2},"end":{"line":146,"column":14}},"66":{"start":{"line":147,"column":2},"end":{"line":147,"column":16}},"67":{"start":{"line":149,"column":19},"end":{"line":154,"column":3}},"68":{"start":{"line":156,"column":16},"end":{"line":156,"column":38}},"69":{"start":{"line":158,"column":2},"end":{"line":160,"column":3}},"70":{"start":{"line":159,"column":4},"end":{"line":159,"column":11}},"71":{"start":{"line":162,"column":16},"end":{"line":162,"column":26}},"72":{"start":{"line":164,"column":2},"end":{"line":167,"column":5}},"73":{"start":{"line":169,"column":2},"end":{"line":169,"column":19}},"74":{"start":{"line":170,"column":2},"end":{"line":170,"column":15}},"75":{"start":{"line":171,"column":2},"end":{"line":171,"column":49}},"76":{"start":{"line":172,"column":2},"end":{"line":172,"column":16}},"77":{"start":{"line":175,"column":0},"end":{"line":175,"column":14}},"78":{"start":{"line":177,"column":0},"end":{"line":191,"column":1}},"79":{"start":{"line":178,"column":2},"end":{"line":190,"column":4}}},"fnMap":{"0":{"name":"getUsers","decl":{"start":{"line":29,"column":9},"end":{"line":29,"column":17}},"loc":{"start":{"line":29,"column":20},"end":{"line":31,"column":1}},"line":29},"1":{"name":"saveUsers","decl":{"start":{"line":33,"column":9},"end":{"line":33,"column":18}},"loc":{"start":{"line":33,"column":26},"end":{"line":35,"column":1}},"line":33},"2":{"name":"showAlert","decl":{"start":{"line":37,"column":9},"end":{"line":37,"column":18}},"loc":{"start":{"line":37,"column":28},"end":{"line":41,"column":1}},"line":37},"3":{"name":"hideAlert","decl":{"start":{"line":43,"column":9},"end":{"line":43,"column":18}},"loc":{"start":{"line":43,"column":21},"end":{"line":47,"column":1}},"line":43},"4":{"name":"clearErrors","decl":{"start":{"line":49,"column":9},"end":{"line":49,"column":20}},"loc":{"start":{"line":49,"column":23},"end":{"line":54,"column":1}},"line":49},"5":{"name":"(anonymous_5)","decl":{"start":{"line":50,"column":32},"end":{"line":50,"column":33}},"loc":{"start":{"line":50,"column":54},"end":{"line":53,"column":3}},"line":50},"6":{"name":"setError","decl":{"start":{"line":56,"column":9},"end":{"line":56,"column":17}},"loc":{"start":{"line":56,"column":38},"end":{"line":59,"column":1}},"line":56},"7":{"name":"isValidEmail","decl":{"start":{"line":61,"column":9},"end":{"line":61,"column":21}},"loc":{"start":{"line":61,"column":29},"end":{"line":64,"column":1}},"line":61},"8":{"name":"isStrongPassword","decl":{"start":{"line":66,"column":9},"end":{"line":66,"column":25}},"loc":{"start":{"line":66,"column":36},"end":{"line":69,"column":1}},"line":66},"9":{"name":"emailAlreadyExists","decl":{"start":{"line":71,"column":9},"end":{"line":71,"column":27}},"loc":{"start":{"line":71,"column":35},"end":{"line":74,"column":1}},"line":71},"10":{"name":"(anonymous_10)","decl":{"start":{"line":73,"column":20},"end":{"line":73,"column":21}},"loc":{"start":{"line":73,"column":30},"end":{"line":73,"column":78}},"line":73},"11":{"name":"renderUsers","decl":{"start":{"line":76,"column":9},"end":{"line":76,"column":20}},"loc":{"start":{"line":76,"column":23},"end":{"line":97,"column":1}},"line":76},"12":{"name":"(anonymous_12)","decl":{"start":{"line":88,"column":6},"end":{"line":88,"column":7}},"loc":{"start":{"line":88,"column":23},"end":{"line":94,"column":7}},"line":88},"13":{"name":"validateForm","decl":{"start":{"line":99,"column":9},"end":{"line":99,"column":21}},"loc":{"start":{"line":99,"column":28},"end":{"line":141,"column":1}},"line":99},"14":{"name":"(anonymous_14)","decl":{"start":{"line":143,"column":32},"end":{"line":143,"column":33}},"loc":{"start":{"line":143,"column":43},"end":{"line":173,"column":1}},"line":143}},"branchMap":{"0":{"loc":{"start":{"line":30,"column":9},"end":{"line":30,"column":56}},"type":"binary-expr","locations":[{"start":{"line":30,"column":9},"end":{"line":30,"column":50}},{"start":{"line":30,"column":54},"end":{"line":30,"column":56}}],"line":30},"1":{"loc":{"start":{"line":79,"column":2},"end":{"line":84,"column":3}},"type":"if","locations":[{"start":{"line":79,"column":2},"end":{"line":84,"column":3}},{"start":{},"end":{}}],"line":79},"2":{"loc":{"start":{"line":102,"column":2},"end":{"line":108,"column":3}},"type":"if","locations":[{"start":{"line":102,"column":2},"end":{"line":108,"column":3}},{"start":{"line":105,"column":9},"end":{"line":108,"column":3}}],"line":102},"3":{"loc":{"start":{"line":105,"column":9},"end":{"line":108,"column":3}},"type":"if","locations":[{"start":{"line":105,"column":9},"end":{"line":108,"column":3}},{"start":{},"end":{}}],"line":105},"4":{"loc":{"start":{"line":110,"column":2},"end":{"line":119,"column":3}},"type":"if","locations":[{"start":{"line":110,"column":2},"end":{"line":119,"column":3}},{"start":{"line":113,"column":9},"end":{"line":119,"column":3}}],"line":110},"5":{"loc":{"start":{"line":113,"column":9},"end":{"line":119,"column":3}},"type":"if","locations":[{"start":{"line":113,"column":9},"end":{"line":119,"column":3}},{"start":{"line":116,"column":9},"end":{"line":119,"column":3}}],"line":113},"6":{"loc":{"start":{"line":116,"column":9},"end":{"line":119,"column":3}},"type":"if","locations":[{"start":{"line":116,"column":9},"end":{"line":119,"column":3}},{"start":{},"end":{}}],"line":116},"7":{"loc":{"start":{"line":121,"column":2},"end":{"line":130,"column":3}},"type":"if","locations":[{"start":{"line":121,"column":2},"end":{"line":130,"column":3}},{"start":{"line":124,"column":9},"end":{"line":130,"column":3}}],"line":121},"8":{"loc":{"start":{"line":124,"column":9},"end":{"line":130,"column":3}},"type":"if","locations":[{"start":{"line":124,"column":9},"end":{"line":130,"column":3}},{"start":{},"end":{}}],"line":124},"9":{"loc":{"start":{"line":132,"column":2},"end":{"line":138,"column":3}},"type":"if","locations":[{"start":{"line":132,"column":2},"end":{"line":138,"column":3}},{"start":{"line":135,"column":9},"end":{"line":138,"column":3}}],"line":132},"10":{"loc":{"start":{"line":135,"column":9},"end":{"line":138,"column":3}},"type":"if","locations":[{"start":{"line":135,"column":9},"end":{"line":138,"column":3}},{"start":{},"end":{}}],"line":135},"11":{"loc":{"start":{"line":158,"column":2},"end":{"line":160,"column":3}},"type":"if","locations":[{"start":{"line":158,"column":2},"end":{"line":160,"column":3}},{"start":{},"end":{}}],"line":158},"12":{"loc":{"start":{"line":177,"column":0},"end":{"line":191,"column":1}},"type":"if","locations":[{"start":{"line":177,"column":0},"end":{"line":191,"column":1}},{"start":{},"end":{}}],"line":177},"13":{"loc":{"start":{"line":177,"column":4},"end":{"line":177,"column":51}},"type":"binary-expr","locations":[{"start":{"line":177,"column":4},"end":{"line":177,"column":33}},{"start":{"line":177,"column":37},"end":{"line":177,"column":51}}],"line":177}},"s":{"0":1,"1":1,"2":1,"3":1,"4":1,"5":1,"6":1,"7":1,"8":12,"9":5,"10":2,"11":2,"12":2,"13":1,"14":1,"15":1,"16":1,"17":4,"18":4,"19":9,"20":9,"21":9,"22":9,"23":9,"24":9,"25":8,"26":8,"27":3,"28":3,"29":3,"30":2,"31":2,"32":1,"33":1,"34":7,"35":7,"36":1,"37":1,"38":6,"39":1,"40":1,"41":7,"42":0,"43":0,"44":7,"45":1,"46":1,"47":6,"48":1,"49":1,"50":7,"51":0,"52":0,"53":7,"54":1,"55":1,"56":7,"57":0,"58":0,"59":7,"60":1,"61":1,"62":7,"63":1,"64":0,"65":0,"66":0,"67":0,"68":0,"69":0,"70":0,"71":0,"72":0,"73":0,"74":0,"75":0,"76":0,"77":1,"78":1,"79":1},"f":{"0":12,"1":5,"2":2,"3":1,"4":1,"5":4,"6":9,"7":9,"8":9,"9":8,"10":3,"11":3,"12":1,"13":7,"14":0},"b":{"0":[12,8],"1":[2,1],"2":[1,6],"3":[1,5],"4":[0,7],"5":[1,6],"6":[1,5],"7":[0,7],"8":[1,6],"9":[0,7],"10":[1,6],"11":[0,0],"12":[1,0],"13":[1,1]},"_coverageSchema":"1a1c01bbd47fc00a2c39e90264f33305004495a9","hash":"b4101c77cc73e6e1e682844e093e590859c3b6ff"}
}
