TN:
SF:app.js
FN:29,getUsers
FN:33,saveUsers
FN:37,showAlert
FN:43,hideAlert
FN:49,clearErrors
FN:50,(anonymous_5)
FN:56,setError
FN:61,isValidEmail
FN:66,isStrongPassword
FN:71,emailAlreadyExists
FN:73,(anonymous_10)
FN:76,renderUsers
FN:88,(anonymous_12)
FN:99,validateForm
FN:143,(anonymous_14)
FNF:15
FNH:14
FNDA:12,getUsers
FNDA:5,saveUsers
FNDA:2,showAlert
FNDA:1,hideAlert
FNDA:1,clearErrors
FNDA:4,(anonymous_5)
FNDA:9,setError
FNDA:9,isValidEmail
FNDA:9,isStrongPassword
FNDA:8,emailAlreadyExists
FNDA:3,(anonymous_10)
FNDA:3,renderUsers
FNDA:1,(anonymous_12)
FNDA:7,validateForm
FNDA:0,(anonymous_14)
DA:1,1
DA:2,1
DA:3,1
DA:5,1
DA:6,1
DA:7,1
DA:8,1
DA:10,1
DA:30,12
DA:34,5
DA:38,2
DA:39,2
DA:40,2
DA:44,1
DA:45,1
DA:46,1
DA:50,1
DA:51,4
DA:52,4
DA:57,9
DA:58,9
DA:62,9
DA:63,9
DA:67,9
DA:68,9
DA:72,8
DA:73,8
DA:77,3
DA:79,3
DA:80,2
DA:83,2
DA:86,1
DA:88,1
DA:100,7
DA:102,7
DA:103,1
DA:104,1
DA:105,6
DA:106,1
DA:107,1
DA:110,7
DA:111,0
DA:112,0
DA:113,7
DA:114,1
DA:115,1
DA:116,6
DA:117,1
DA:118,1
DA:121,7
DA:122,0
DA:123,0
DA:124,7
DA:125,1
DA:129,1
DA:132,7
DA:133,0
DA:134,0
DA:135,7
DA:136,1
DA:137,1
DA:140,7
DA:143,1
DA:144,0
DA:146,0
DA:147,0
DA:149,0
DA:156,0
DA:158,0
DA:159,0
DA:162,0
DA:164,0
DA:169,0
DA:170,0
DA:171,0
DA:172,0
DA:175,1
DA:177,1
DA:178,1
LF:79
LH:60
BRDA:30,0,0,12
BRDA:30,0,1,8
BRDA:79,1,0,2
BRDA:79,1,1,1
BRDA:102,2,0,1
BRDA:102,2,1,6
BRDA:105,3,0,1
BRDA:105,3,1,5
BRDA:110,4,0,0
BRDA:110,4,1,7
BRDA:113,5,0,1
BRDA:113,5,1,6
BRDA:116,6,0,1
BRDA:116,6,1,5
BRDA:121,7,0,0
BRDA:121,7,1,7
BRDA:124,8,0,1
BRDA:124,8,1,6
BRDA:132,9,0,0
BRDA:132,9,1,7
BRDA:135,10,0,1
BRDA:135,10,1,6
BRDA:158,11,0,0
BRDA:158,11,1,0
BRDA:177,12,0,1
BRDA:177,12,1,0
BRDA:177,13,0,1
BRDA:177,13,1,1
BRF:28
BRH:22
end_of_record
